<?xml version="1.0" encoding="UTF-8"?>
<testsuite name="com.reliaquest.api.controller.EmployeeControllerImplTests" tests="12" skipped="0" failures="1" errors="0" timestamp="2025-09-01T17:06:40" hostname="Rohits-Air.domain.name" time="1.471">
  <properties/>
  <testcase name="getTopTenHighestEarningEmployeeNamesNone()" classname="com.reliaquest.api.controller.EmployeeControllerImplTests" time="0.385"/>
  <testcase name="getAllEmployeesNotFound()" classname="com.reliaquest.api.controller.EmployeeControllerImplTests" time="0.031"/>
  <testcase name="deleteEmployeeByIdFailed()" classname="com.reliaquest.api.controller.EmployeeControllerImplTests" time="0.05"/>
  <testcase name="getEmployeesByNameSearchNotFound()" classname="com.reliaquest.api.controller.EmployeeControllerImplTests" time="0.257"/>
  <testcase name="createEmployeeFailed()" classname="com.reliaquest.api.controller.EmployeeControllerImplTests" time="0.379">
    <failure message="java.lang.AssertionError: Status expected:&lt;201&gt; but was:&lt;400&gt;" type="java.lang.AssertionError">java.lang.AssertionError: Status expected:&lt;201&gt; but was:&lt;400&gt;
	at org.springframework.test.util.AssertionErrors.fail(AssertionErrors.java:59)
	at org.springframework.test.util.AssertionErrors.assertEquals(AssertionErrors.java:122)
	at org.springframework.test.web.servlet.result.StatusResultMatchers.lambda$matcher$9(StatusResultMatchers.java:637)
	at org.springframework.test.web.servlet.MockMvc$1.andExpect(MockMvc.java:214)
	at com.reliaquest.api.controller.EmployeeControllerImplTests.createEmployeeFailed(EmployeeControllerImplTests.java:150)
	at java.base/jdk.internal.reflect.NativeMethodAccessorImpl.invoke0(Native Method)
	at java.base/jdk.internal.reflect.NativeMethodAccessorImpl.invoke(NativeMethodAccessorImpl.java:77)
	at java.base/jdk.internal.reflect.DelegatingMethodAccessorImpl.invoke(DelegatingMethodAccessorImpl.java:43)
	at java.base/java.lang.reflect.Method.invoke(Method.java:568)
	at org.junit.platform.commons.util.ReflectionUtils.invokeMethod(ReflectionUtils.java:728)
	at org.junit.jupiter.engine.execution.MethodInvocation.proceed(MethodInvocation.java:60)
	at org.junit.jupiter.engine.execution.InvocationInterceptorChain$ValidatingInvocation.proceed(InvocationInterceptorChain.java:131)
	at org.junit.jupiter.engine.extension.TimeoutExtension.intercept(TimeoutExtension.java:156)
	at org.junit.jupiter.engine.extension.TimeoutExtension.interceptTestableMethod(TimeoutExtension.java:147)
	at org.junit.jupiter.engine.extension.TimeoutExtension.interceptTestMethod(TimeoutExtension.java:86)
	at org.junit.jupiter.engine.execution.InterceptingExecutableInvoker$ReflectiveInterceptorCall.lambda$ofVoidMethod$0(InterceptingExecutableInvoker.java:103)
	at org.junit.jupiter.engine.execution.InterceptingExecutableInvoker.lambda$invoke$0(InterceptingExecutableInvoker.java:93)
	at org.junit.jupiter.engine.execution.InvocationInterceptorChain$InterceptedInvocation.proceed(InvocationInterceptorChain.java:106)
	at org.junit.jupiter.engine.execution.InvocationInterceptorChain.proceed(InvocationInterceptorChain.java:64)
	at org.junit.jupiter.engine.execution.InvocationInterceptorChain.chainAndInvoke(InvocationInterceptorChain.java:45)
	at org.junit.jupiter.engine.execution.InvocationInterceptorChain.invoke(InvocationInterceptorChain.java:37)
	at org.junit.jupiter.engine.execution.InterceptingExecutableInvoker.invoke(InterceptingExecutableInvoker.java:92)
	at org.junit.jupiter.engine.execution.InterceptingExecutableInvoker.invoke(InterceptingExecutableInvoker.java:86)
	at org.junit.jupiter.engine.descriptor.TestMethodTestDescriptor.lambda$invokeTestMethod$7(TestMethodTestDescriptor.java:218)
	at org.junit.platform.engine.support.hierarchical.ThrowableCollector.execute(ThrowableCollector.java:73)
	at org.junit.jupiter.engine.descriptor.TestMethodTestDescriptor.invokeTestMethod(TestMethodTestDescriptor.java:214)
	at org.junit.jupiter.engine.descriptor.TestMethodTestDescriptor.execute(TestMethodTestDescriptor.java:139)
	at org.junit.jupiter.engine.descriptor.TestMethodTestDescriptor.execute(TestMethodTestDescriptor.java:69)
	at org.junit.platform.engine.support.hierarchical.NodeTestTask.lambda$executeRecursively$6(NodeTestTask.java:151)
	at org.junit.platform.engine.support.hierarchical.ThrowableCollector.execute(ThrowableCollector.java:73)
	at org.junit.platform.engine.support.hierarchical.NodeTestTask.lambda$executeRecursively$8(NodeTestTask.java:141)
	at org.junit.platform.engine.support.hierarchical.Node.around(Node.java:137)
	at org.junit.platform.engine.support.hierarchical.NodeTestTask.lambda$executeRecursively$9(NodeTestTask.java:139)
	at org.junit.platform.engine.support.hierarchical.ThrowableCollector.execute(ThrowableCollector.java:73)
	at org.junit.platform.engine.support.hierarchical.NodeTestTask.executeRecursively(NodeTestTask.java:138)
	at org.junit.platform.engine.support.hierarchical.NodeTestTask.execute(NodeTestTask.java:95)
	at java.base/java.util.ArrayList.forEach(ArrayList.java:1511)
	at org.junit.platform.engine.support.hierarchical.SameThreadHierarchicalTestExecutorService.invokeAll(SameThreadHierarchicalTestExecutorService.java:41)
	at org.junit.platform.engine.support.hierarchical.NodeTestTask.lambda$executeRecursively$6(NodeTestTask.java:155)
	at org.junit.platform.engine.support.hierarchical.ThrowableCollector.execute(ThrowableCollector.java:73)
	at org.junit.platform.engine.support.hierarchical.NodeTestTask.lambda$executeRecursively$8(NodeTestTask.java:141)
	at org.junit.platform.engine.support.hierarchical.Node.around(Node.java:137)
	at org.junit.platform.engine.support.hierarchical.NodeTestTask.lambda$executeRecursively$9(NodeTestTask.java:139)
	at org.junit.platform.engine.support.hierarchical.ThrowableCollector.execute(ThrowableCollector.java:73)
	at org.junit.platform.engine.support.hierarchical.NodeTestTask.executeRecursively(NodeTestTask.java:138)
	at org.junit.platform.engine.support.hierarchical.NodeTestTask.execute(NodeTestTask.java:95)
	at java.base/java.util.ArrayList.forEach(ArrayList.java:1511)
	at org.junit.platform.engine.support.hierarchical.SameThreadHierarchicalTestExecutorService.invokeAll(SameThreadHierarchicalTestExecutorService.java:41)
	at org.junit.platform.engine.support.hierarchical.NodeTestTask.lambda$executeRecursively$6(NodeTestTask.java:155)
	at org.junit.platform.engine.support.hierarchical.ThrowableCollector.execute(ThrowableCollector.java:73)
	at org.junit.platform.engine.support.hierarchical.NodeTestTask.lambda$executeRecursively$8(NodeTestTask.java:141)
	at org.junit.platform.engine.support.hierarchical.Node.around(Node.java:137)
	at org.junit.platform.engine.support.hierarchical.NodeTestTask.lambda$executeRecursively$9(NodeTestTask.java:139)
	at org.junit.platform.engine.support.hierarchical.ThrowableCollector.execute(ThrowableCollector.java:73)
	at org.junit.platform.engine.support.hierarchical.NodeTestTask.executeRecursively(NodeTestTask.java:138)
	at org.junit.platform.engine.support.hierarchical.NodeTestTask.execute(NodeTestTask.java:95)
	at org.junit.platform.engine.support.hierarchical.SameThreadHierarchicalTestExecutorService.submit(SameThreadHierarchicalTestExecutorService.java:35)
	at org.junit.platform.engine.support.hierarchical.HierarchicalTestExecutor.execute(HierarchicalTestExecutor.java:57)
	at org.junit.platform.engine.support.hierarchical.HierarchicalTestEngine.execute(HierarchicalTestEngine.java:54)
	at org.junit.platform.launcher.core.EngineExecutionOrchestrator.execute(EngineExecutionOrchestrator.java:107)
	at org.junit.platform.launcher.core.EngineExecutionOrchestrator.execute(EngineExecutionOrchestrator.java:88)
	at org.junit.platform.launcher.core.EngineExecutionOrchestrator.lambda$execute$0(EngineExecutionOrchestrator.java:54)
	at org.junit.platform.launcher.core.EngineExecutionOrchestrator.withInterceptedStreams(EngineExecutionOrchestrator.java:67)
	at org.junit.platform.launcher.core.EngineExecutionOrchestrator.execute(EngineExecutionOrchestrator.java:52)
	at org.junit.platform.launcher.core.DefaultLauncher.execute(DefaultLauncher.java:114)
	at org.junit.platform.launcher.core.DefaultLauncher.execute(DefaultLauncher.java:86)
	at org.junit.platform.launcher.core.DefaultLauncherSession$DelegatingLauncher.execute(DefaultLauncherSession.java:86)
	at org.junit.platform.launcher.core.SessionPerRequestLauncher.execute(SessionPerRequestLauncher.java:53)
	at org.gradle.api.internal.tasks.testing.junitplatform.JUnitPlatformTestClassProcessor$CollectAllTestClassesExecutor.processAllTestClasses(JUnitPlatformTestClassProcessor.java:99)
	at org.gradle.api.internal.tasks.testing.junitplatform.JUnitPlatformTestClassProcessor$CollectAllTestClassesExecutor.access$000(JUnitPlatformTestClassProcessor.java:79)
	at org.gradle.api.internal.tasks.testing.junitplatform.JUnitPlatformTestClassProcessor.stop(JUnitPlatformTestClassProcessor.java:75)
	at org.gradle.api.internal.tasks.testing.SuiteTestClassProcessor.stop(SuiteTestClassProcessor.java:62)
	at java.base/jdk.internal.reflect.NativeMethodAccessorImpl.invoke0(Native Method)
	at java.base/jdk.internal.reflect.NativeMethodAccessorImpl.invoke(NativeMethodAccessorImpl.java:77)
	at java.base/jdk.internal.reflect.DelegatingMethodAccessorImpl.invoke(DelegatingMethodAccessorImpl.java:43)
	at java.base/java.lang.reflect.Method.invoke(Method.java:568)
	at org.gradle.internal.dispatch.ReflectionDispatch.dispatch(ReflectionDispatch.java:36)
	at org.gradle.internal.dispatch.ReflectionDispatch.dispatch(ReflectionDispatch.java:24)
	at org.gradle.internal.dispatch.ContextClassLoaderDispatch.dispatch(ContextClassLoaderDispatch.java:33)
	at org.gradle.internal.dispatch.ProxyDispatchAdapter$DispatchingInvocationHandler.invoke(ProxyDispatchAdapter.java:94)
	at jdk.proxy1/jdk.proxy1.$Proxy2.stop(Unknown Source)
	at org.gradle.api.internal.tasks.testing.worker.TestWorker$3.run(TestWorker.java:193)
	at org.gradle.api.internal.tasks.testing.worker.TestWorker.executeAndMaintainThreadName(TestWorker.java:129)
	at org.gradle.api.internal.tasks.testing.worker.TestWorker.execute(TestWorker.java:100)
	at org.gradle.api.internal.tasks.testing.worker.TestWorker.execute(TestWorker.java:60)
	at org.gradle.process.internal.worker.child.ActionExecutionWorker.execute(ActionExecutionWorker.java:56)
	at org.gradle.process.internal.worker.child.SystemApplicationClassLoaderWorker.call(SystemApplicationClassLoaderWorker.java:113)
	at org.gradle.process.internal.worker.child.SystemApplicationClassLoaderWorker.call(SystemApplicationClassLoaderWorker.java:65)
	at worker.org.gradle.process.internal.worker.GradleWorkerMain.run(GradleWorkerMain.java:69)
	at worker.org.gradle.process.internal.worker.GradleWorkerMain.main(GradleWorkerMain.java:74)
</failure>
  </testcase>
  <testcase name="getEmployeeByIdFound()" classname="com.reliaquest.api.controller.EmployeeControllerImplTests" time="0.102"/>
  <testcase name="getTopTenHighestEarningEmployeeNamesFound()" classname="com.reliaquest.api.controller.EmployeeControllerImplTests" time="0.019"/>
  <testcase name="getAllEmployeesFound()" classname="com.reliaquest.api.controller.EmployeeControllerImplTests" time="0.041"/>
  <testcase name="getEmployeesByNameSearchFound()" classname="com.reliaquest.api.controller.EmployeeControllerImplTests" time="0.041"/>
  <testcase name="deleteEmployeeById()" classname="com.reliaquest.api.controller.EmployeeControllerImplTests" time="0.017"/>
  <testcase name="getHighestSalaryOfEmployees()" classname="com.reliaquest.api.controller.EmployeeControllerImplTests" time="0.023"/>
  <testcase name="getEmployeeByIdNotFound()" classname="com.reliaquest.api.controller.EmployeeControllerImplTests" time="0.035"/>
  <system-out><![CDATA[22:36:31.880 [Test worker] INFO org.springframework.test.context.support.AnnotationConfigContextLoaderUtils -- Could not detect default configuration classes for test class [com.reliaquest.api.controller.EmployeeControllerImplTests]: EmployeeControllerImplTests does not declare any static, non-private, non-final, nested classes annotated with @Configuration.
22:36:32.401 [Test worker] INFO org.springframework.boot.test.context.SpringBootTestContextBootstrapper -- Found @SpringBootConfiguration com.reliaquest.api.ApiApplication for test class com.reliaquest.api.controller.EmployeeControllerImplTests
  .   ____          _            __ _ _
 /\\ / ___'_ __ _ _(_)_ __  __ _ \ \ \ \
( ( )\___ | '_ | '_| | '_ \/ _` | \ \ \ \
 \\/  ___)| |_)| | | | | || (_| |  ) ) ) )
  '  |____| .__|_| |_|_| |_\__, | / / / /
 =========|_|==============|___/=/_/_/_/

 :: Spring Boot ::                (v3.3.0)

2025-09-01T22:36:33.960+05:30  INFO 1717 --- [employee-api] [    Test worker] c.r.a.c.EmployeeControllerImplTests      : Starting EmployeeControllerImplTests using Java 17.0.6 with PID 1717 (started by rohit in /Users/rohit/Downloads/JAVA/RELIAQUEST_2/java-employee-challenge/api)
2025-09-01T22:36:33.962+05:30 DEBUG 1717 --- [employee-api] [    Test worker] c.r.a.c.EmployeeControllerImplTests      : Running with Spring Boot v3.3.0, Spring v6.1.13
2025-09-01T22:36:33.969+05:30  INFO 1717 --- [employee-api] [    Test worker] c.r.a.c.EmployeeControllerImplTests      : No active profile set, falling back to 1 default profile: "default"
2025-09-01T22:36:40.273+05:30 DEBUG 1717 --- [employee-api] [    Test worker] c.r.api.filter.APIRequestLogger          : Filter 'APIRequestLogger' configured for use
2025-09-01T22:36:40.302+05:30  INFO 1717 --- [employee-api] [    Test worker] o.s.b.t.m.w.SpringBootMockServletContext : Initializing Spring TestDispatcherServlet ''
2025-09-01T22:36:40.303+05:30  INFO 1717 --- [employee-api] [    Test worker] o.s.t.web.servlet.TestDispatcherServlet  : Initializing Servlet ''
2025-09-01T22:36:40.332+05:30  INFO 1717 --- [employee-api] [    Test worker] o.s.t.web.servlet.TestDispatcherServlet  : Completed initialization in 4 ms
2025-09-01T22:36:40.426+05:30  INFO 1717 --- [employee-api] [    Test worker] c.r.a.c.EmployeeControllerImplTests      : Started EmployeeControllerImplTests in 7.644 seconds (process running for 12.341)
2025-09-01T22:36:40.630+05:30 DEBUG 1717 --- [employee-api] [    Test worker] c.r.a.controller.EmployeeControllerImpl  : Request started HTTPMethod=GET, message=GET /employee/topTenHighestEarningEmployeeNames, client=127.0.0.1]
2025-09-01T22:36:40.724+05:30  INFO 1717 --- [employee-api] [    Test worker] c.r.a.controller.EmployeeControllerImpl  : GetTopTenHighestEarningEmployeeNames
2025-09-01T22:36:40.789+05:30 DEBUG 1717 --- [employee-api] [    Test worker] c.r.a.controller.EmployeeControllerImpl  : Request Completed. HTTPMethod=GET, message=GET /employee/topTenHighestEarningEmployeeNames, client=127.0.0.1], TimeTakenToComplete=159 ms
2025-09-01T22:36:40.865+05:30 DEBUG 1717 --- [employee-api] [    Test worker] c.r.a.controller.EmployeeControllerImpl  : Request started HTTPMethod=GET, message=GET /employee, client=127.0.0.1]
2025-09-01T22:36:40.867+05:30  INFO 1717 --- [employee-api] [    Test worker] c.r.a.controller.EmployeeControllerImpl  : Size of employee list is 0
2025-09-01T22:36:40.881+05:30 DEBUG 1717 --- [employee-api] [    Test worker] c.r.a.controller.EmployeeControllerImpl  : Request Completed. HTTPMethod=GET, message=GET /employee, client=127.0.0.1], TimeTakenToComplete=16 ms
2025-09-01T22:36:40.906+05:30 DEBUG 1717 --- [employee-api] [    Test worker] c.r.a.controller.EmployeeControllerImpl  : Request started HTTPMethod=DELETE, message=DELETE /employee/51, client=127.0.0.1]
2025-09-01T22:36:40.929+05:30  INFO 1717 --- [employee-api] [    Test worker] c.r.a.controller.EmployeeControllerImpl  : Deleted Successfully
2025-09-01T22:36:40.934+05:30 DEBUG 1717 --- [employee-api] [    Test worker] c.r.a.controller.EmployeeControllerImpl  : Request Completed. HTTPMethod=DELETE, message=DELETE /employee/51, client=127.0.0.1], TimeTakenToComplete=28 ms
2025-09-01T22:36:40.986+05:30 DEBUG 1717 --- [employee-api] [    Test worker] c.r.a.controller.EmployeeControllerImpl  : Request started HTTPMethod=GET, message=GET /employee/search/Berry, client=127.0.0.1]
2025-09-01T22:36:41.212+05:30  INFO 1717 --- [employee-api] [    Test worker] c.r.a.controller.EmployeeControllerImpl  : Size of employee list is 0
2025-09-01T22:36:41.218+05:30 DEBUG 1717 --- [employee-api] [    Test worker] c.r.a.controller.EmployeeControllerImpl  : Request Completed. HTTPMethod=GET, message=GET /employee/search/Berry, client=127.0.0.1], TimeTakenToComplete=232 ms
2025-09-01T22:36:41.240+05:30 DEBUG 1717 --- [employee-api] [    Test worker] c.r.a.controller.EmployeeControllerImpl  : Request started HTTPMethod=POST, message=POST /employee, client=127.0.0.1]
2025-09-01T22:36:41.572+05:30 DEBUG 1717 --- [employee-api] [    Test worker] c.r.a.controller.EmployeeControllerImpl  : Request Completed. HTTPMethod=POST, message=POST /employee, client=127.0.0.1, payload={}], TimeTakenToComplete=332 ms

MockHttpServletRequest:
      HTTP Method = POST
      Request URI = /employee
       Parameters = {}
          Headers = [Content-Type:"application/json;charset=UTF-8", Content-Length:"2"]
             Body = {}
    Session Attrs = {}

Handler:
             Type = com.reliaquest.api.controller.EmployeeControllerImpl
           Method = com.reliaquest.api.controller.EmployeeControllerImpl#createEmployee(EmployeeRequestDto)

Async:
    Async started = false
     Async result = null

Resolved Exception:
             Type = org.springframework.web.bind.MethodArgumentNotValidException

ModelAndView:
        View name = null
             View = null
            Model = null

FlashMap:
       Attributes = null

MockHttpServletResponse:
           Status = 400
    Error message = null
          Headers = [Content-Type:"application/problem+json"]
     Content type = application/problem+json
             Body = {"type":"about:blank","title":"Bad Request","status":400,"detail":"Invalid request content.","instance":"/employee"}
    Forwarded URL = null
   Redirected URL = null
          Cookies = []
2025-09-01T22:36:41.666+05:30 DEBUG 1717 --- [employee-api] [    Test worker] c.r.a.controller.EmployeeControllerImpl  : Request started HTTPMethod=GET, message=GET /employee/5, client=127.0.0.1]
2025-09-01T22:36:41.668+05:30  INFO 1717 --- [employee-api] [    Test worker] c.r.a.controller.EmployeeControllerImpl  : GetEmployeeById
2025-09-01T22:36:41.704+05:30 DEBUG 1717 --- [employee-api] [    Test worker] c.r.a.controller.EmployeeControllerImpl  : Request Completed. HTTPMethod=GET, message=GET /employee/5, client=127.0.0.1], TimeTakenToComplete=38 ms
2025-09-01T22:36:41.730+05:30 DEBUG 1717 --- [employee-api] [    Test worker] c.r.a.controller.EmployeeControllerImpl  : Request started HTTPMethod=GET, message=GET /employee/topTenHighestEarningEmployeeNames, client=127.0.0.1]
2025-09-01T22:36:41.735+05:30  INFO 1717 --- [employee-api] [    Test worker] c.r.a.controller.EmployeeControllerImpl  : GetTopTenHighestEarningEmployeeNames
2025-09-01T22:36:41.737+05:30 DEBUG 1717 --- [employee-api] [    Test worker] c.r.a.controller.EmployeeControllerImpl  : Request Completed. HTTPMethod=GET, message=GET /employee/topTenHighestEarningEmployeeNames, client=127.0.0.1], TimeTakenToComplete=7 ms
2025-09-01T22:36:41.762+05:30 DEBUG 1717 --- [employee-api] [    Test worker] c.r.a.controller.EmployeeControllerImpl  : Request started HTTPMethod=GET, message=GET /employee, client=127.0.0.1]
2025-09-01T22:36:41.765+05:30  INFO 1717 --- [employee-api] [    Test worker] c.r.a.controller.EmployeeControllerImpl  : Size of employee list is 6
2025-09-01T22:36:41.794+05:30 DEBUG 1717 --- [employee-api] [    Test worker] c.r.a.controller.EmployeeControllerImpl  : Request Completed. HTTPMethod=GET, message=GET /employee, client=127.0.0.1], TimeTakenToComplete=32 ms
2025-09-01T22:36:41.821+05:30 DEBUG 1717 --- [employee-api] [    Test worker] c.r.a.controller.EmployeeControllerImpl  : Request started HTTPMethod=GET, message=GET /employee/search/Ashton, client=127.0.0.1]
2025-09-01T22:36:41.824+05:30  INFO 1717 --- [employee-api] [    Test worker] c.r.a.controller.EmployeeControllerImpl  : Size of employee list is 6
2025-09-01T22:36:41.828+05:30 DEBUG 1717 --- [employee-api] [    Test worker] c.r.a.controller.EmployeeControllerImpl  : Request Completed. HTTPMethod=GET, message=GET /employee/search/Ashton, client=127.0.0.1], TimeTakenToComplete=7 ms
2025-09-01T22:36:41.857+05:30 DEBUG 1717 --- [employee-api] [    Test worker] c.r.a.controller.EmployeeControllerImpl  : Request started HTTPMethod=DELETE, message=DELETE /employee/5, client=127.0.0.1]
2025-09-01T22:36:41.858+05:30  INFO 1717 --- [employee-api] [    Test worker] c.r.a.controller.EmployeeControllerImpl  : Deleted Successfully
2025-09-01T22:36:41.860+05:30 DEBUG 1717 --- [employee-api] [    Test worker] c.r.a.controller.EmployeeControllerImpl  : Request Completed. HTTPMethod=DELETE, message=DELETE /employee/5, client=127.0.0.1], TimeTakenToComplete=3 ms
2025-09-01T22:36:41.882+05:30 DEBUG 1717 --- [employee-api] [    Test worker] c.r.a.controller.EmployeeControllerImpl  : Request started HTTPMethod=GET, message=GET /employee/highestSalary, client=127.0.0.1]
2025-09-01T22:36:41.883+05:30  INFO 1717 --- [employee-api] [    Test worker] c.r.a.controller.EmployeeControllerImpl  : Higest salary is 433060
2025-09-01T22:36:41.893+05:30 DEBUG 1717 --- [employee-api] [    Test worker] c.r.a.controller.EmployeeControllerImpl  : Request Completed. HTTPMethod=GET, message=GET /employee/highestSalary, client=127.0.0.1], TimeTakenToComplete=11 ms
2025-09-01T22:36:41.919+05:30 DEBUG 1717 --- [employee-api] [    Test worker] c.r.a.controller.EmployeeControllerImpl  : Request started HTTPMethod=GET, message=GET /employee/23, client=127.0.0.1]
2025-09-01T22:36:41.923+05:30  INFO 1717 --- [employee-api] [    Test worker] c.r.a.controller.EmployeeControllerImpl  : GetEmployeeById
2025-09-01T22:36:41.925+05:30 DEBUG 1717 --- [employee-api] [    Test worker] c.r.a.controller.EmployeeControllerImpl  : Request Completed. HTTPMethod=GET, message=GET /employee/23, client=127.0.0.1], TimeTakenToComplete=6 ms
]]></system-out>
  <system-err><![CDATA[]]></system-err>
</testsuite>
